Using pre-set license
Built from 'master' branch; Version is '2020.3.36f1 (71f96b79b9f0) revision 7469419'; Using compiler version '192528614'; Build Type 'Release'
OS: 'Windows 10  (10.0.19044) 64bit Professional' Language: 'es' Physical Memory: 7959 MB
BatchMode: 1, IsHumanControllingUs: 0, StartBugReporterOnCrash: 0, Is64bit: 1, IsPro: 0

COMMAND LINE ARGUMENTS:
C:\Program Files\Unity\Hub\Editor\2020.3.36f1\Editor\Unity.exe
-adb2
-batchMode
-noUpm
-name
AssetImportWorker0
-projectPath
C:/Users/usuario/Desktop/unity-new/unity-new
-logFile
Logs/AssetImportWorker0.log
-srvPort
5793
Successfully changed project path to: C:/Users/usuario/Desktop/unity-new/unity-new
C:/Users/usuario/Desktop/unity-new/unity-new
Using Asset Import Pipeline V2.
Refreshing native plugins compatible for Editor in 147.76 ms, found 2 plugins.
Preloading 0 native plugins for Editor in 0.00 ms.
Initialize engine version: 2020.3.36f1 (71f96b79b9f0)
[Subsystems] Discovering subsystems at path C:/Program Files/Unity/Hub/Editor/2020.3.36f1/Editor/Data/Resources/UnitySubsystems
[Subsystems] Discovering subsystems at path C:/Users/usuario/Desktop/unity-new/unity-new/Assets
GfxDevice: creating device client; threaded=0
Direct3D:
    Version:  Direct3D 11.0 [level 11.1]
    Renderer: NVIDIA GeForce MX230 (ID=0x1d11)
    Vendor:   
    VRAM:     1984 MB
    Driver:   30.0.15.1169
Initialize mono
Mono path[0] = 'C:/Program Files/Unity/Hub/Editor/2020.3.36f1/Editor/Data/Managed'
Mono path[1] = 'C:/Program Files/Unity/Hub/Editor/2020.3.36f1/Editor/Data/MonoBleedingEdge/lib/mono/unityjit'
Mono config path = 'C:/Program Files/Unity/Hub/Editor/2020.3.36f1/Editor/Data/MonoBleedingEdge/etc'
Using monoOptions --debugger-agent=transport=dt_socket,embedding=1,server=y,suspend=n,address=127.0.0.1:56580
Begin MonoManager ReloadAssembly
Registering precompiled unity dll's ...
Register platform support module: C:/Program Files/Unity/Hub/Editor/2020.3.36f1/Editor/Data/PlaybackEngines/WindowsStandaloneSupport/UnityEditor.WindowsStandalone.Extensions.dll
Registered in 0.002439 seconds.
Native extension for WindowsStandalone target not found
Refreshing native plugins compatible for Editor in 149.26 ms, found 2 plugins.
Preloading 0 native plugins for Editor in 0.00 ms.
Mono: successfully reloaded assembly
- Completed reload, in  1.148 seconds
Domain Reload Profiling:
	ReloadAssembly (1148ms)
		BeginReloadAssembly (121ms)
			ExecutionOrderSort (0ms)
			DisableScriptedObjects (0ms)
			BackupInstance (0ms)
			ReleaseScriptingObjects (0ms)
			CreateAndSetChildDomain (2ms)
		EndReloadAssembly (897ms)
			LoadAssemblies (113ms)
			RebuildTransferFunctionScriptingTraits (0ms)
			SetupTypeCache (220ms)
			ReleaseScriptCaches (0ms)
			RebuildScriptCaches (63ms)
			SetupLoadedEditorAssemblies (429ms)
				LogAssemblyErrors (0ms)
				InitializePlatformSupportModulesInManaged (8ms)
				SetLoadedEditorAssemblies (0ms)
				RefreshPlugins (149ms)
				BeforeProcessingInitializeOnLoad (30ms)
				ProcessInitializeOnLoadAttributes (173ms)
				ProcessInitializeOnLoadMethodAttributes (69ms)
				AfterProcessingInitializeOnLoad (0ms)
				EditorAssembliesLoaded (1ms)
			ExecutionOrderSort2 (0ms)
			AwakeInstancesAfterBackupRestoration (0ms)
Platform modules already initialized, skipping
Registering precompiled user dll's ...
Registered in 0.018235 seconds.
Begin MonoManager ReloadAssembly
Native extension for WindowsStandalone target not found
Refreshing native plugins compatible for Editor in 167.09 ms, found 2 plugins.
Preloading 0 native plugins for Editor in 0.00 ms.
Mono: successfully reloaded assembly
- Completed reload, in  2.437 seconds
Domain Reload Profiling:
	ReloadAssembly (2439ms)
		BeginReloadAssembly (242ms)
			ExecutionOrderSort (0ms)
			DisableScriptedObjects (12ms)
			BackupInstance (0ms)
			ReleaseScriptingObjects (0ms)
			CreateAndSetChildDomain (36ms)
		EndReloadAssembly (2105ms)
			LoadAssemblies (225ms)
			RebuildTransferFunctionScriptingTraits (0ms)
			SetupTypeCache (750ms)
			ReleaseScriptCaches (1ms)
			RebuildScriptCaches (95ms)
			SetupLoadedEditorAssemblies (838ms)
				LogAssemblyErrors (0ms)
				InitializePlatformSupportModulesInManaged (8ms)
				SetLoadedEditorAssemblies (0ms)
				RefreshPlugins (167ms)
				BeforeProcessingInitializeOnLoad (143ms)
				ProcessInitializeOnLoadAttributes (467ms)
				ProcessInitializeOnLoadMethodAttributes (42ms)
				AfterProcessingInitializeOnLoad (9ms)
				EditorAssembliesLoaded (0ms)
			ExecutionOrderSort2 (0ms)
			AwakeInstancesAfterBackupRestoration (3ms)
Platform modules already initialized, skipping
========================================================================
Worker process is ready to serve import requests
Launched and connected shader compiler UnityShaderCompiler.exe after 0.08 seconds
Refreshing native plugins compatible for Editor in 1.76 ms, found 2 plugins.
Preloading 0 native plugins for Editor in 0.00 ms.
Unloading 4480 Unused Serialized files (Serialized files now loaded: 0)
System memory in use before: 176.3 MB.
System memory in use after: 173.5 MB.

Unloading 68 unused Assets to reduce memory usage. Loaded Objects now: 4868.
Total: 11.376400 ms (FindLiveObjects: 0.559200 ms CreateObjectMapping: 0.285900 ms MarkObjects: 6.857800 ms  DeleteObjects: 3.671200 ms)

AssetImportParameters requested are different than current active one (requested -> active):
  custom:framework-win-MediaFoundation: 216162199b28c13a410421893ffa2e32 -> 
  custom:video-decoder-ogg-theora: a1e56fd34408186e4bbccfd4996cb3dc -> 
  custom:container-muxer-webm: aa71ff27fc2769a1b78a27578f13a17b -> 
  custom:container-demuxer-webm: 4f35f7cbe854078d1ac9338744f61a02 -> 
  custom:container-demuxer-ogg: 62fdf1f143b41e24485cea50d1cbac27 -> 
  custom:video-encoder-webm-vp8: eb34c28f22e8b96e1ab97ce403110664 -> 
  custom:video-decoder-webm-vp8: 9c59270c3fd7afecdb556c50c9e8de78 -> 
  custom:audio-decoder-ogg-vorbis: bf7c407c2cedff20999df2af8eb42d56 -> 
  custom:audio-encoder-webm-vorbis: bf7c407c2cedff20999df2af8eb42d56 -> 
========================================================================
Received Import Request.
  path: Packages/io.moralis.web3-unity-sdk/Runtime/Kits/AuthenticationKit/Scripts/AuthenticationKitState.cs
  artifactKey: Guid(02273c7547d4450882f748f6be9885fc) Importer(815301076,1909f56bfc062723c751e8b465ee728b)
Start importing Packages/io.moralis.web3-unity-sdk/Runtime/Kits/AuthenticationKit/Scripts/AuthenticationKitState.cs using Guid(02273c7547d4450882f748f6be9885fc) Importer(815301076,1909f56bfc062723c751e8b465ee728b)  -> (artifact id: '72faabecf426f8b9e97d7992c3750aa1') in 0.062609 seconds 
========================================================================
Received Import Request.
  Time since last request: 0.000423 seconds.
  path: Packages/io.moralis.web3-unity-sdk/Runtime/Kits/AuthenticationKit/Scripts/AuthenticationKitStateObservable.cs
  artifactKey: Guid(77439cc17c984df1b73180c9a53d909f) Importer(815301076,1909f56bfc062723c751e8b465ee728b)
Start importing Packages/io.moralis.web3-unity-sdk/Runtime/Kits/AuthenticationKit/Scripts/AuthenticationKitStateObservable.cs using Guid(77439cc17c984df1b73180c9a53d909f) Importer(815301076,1909f56bfc062723c751e8b465ee728b)  -> (artifact id: '3f79bbabb1a4c272c2fdf140341e79f8') in 0.013513 seconds 
========================================================================
Received Import Request.
  Time since last request: 0.000467 seconds.
  path: Packages/io.moralis.web3-unity-sdk/Runtime/Kits/AuthenticationKit/Scripts/AuthenticationKitView.cs
  artifactKey: Guid(ffd6be4bbb9b40ea854620c0fadb255c) Importer(815301076,1909f56bfc062723c751e8b465ee728b)
Start importing Packages/io.moralis.web3-unity-sdk/Runtime/Kits/AuthenticationKit/Scripts/AuthenticationKitView.cs using Guid(ffd6be4bbb9b40ea854620c0fadb255c) Importer(815301076,1909f56bfc062723c751e8b465ee728b)  -> (artifact id: '0e1c012d618f1fe502681fceeb64d135') in 0.012198 seconds 
========================================================================
Received Import Request.
  Time since last request: 0.000450 seconds.
  path: Packages/io.moralis.web3-unity-sdk/Runtime/Kits/AuthenticationKit/Scripts/AuthenticationKitPlatform.cs
  artifactKey: Guid(e6e0056d2f4045299702020d6f381b4a) Importer(815301076,1909f56bfc062723c751e8b465ee728b)
Start importing Packages/io.moralis.web3-unity-sdk/Runtime/Kits/AuthenticationKit/Scripts/AuthenticationKitPlatform.cs using Guid(e6e0056d2f4045299702020d6f381b4a) Importer(815301076,1909f56bfc062723c751e8b465ee728b)  -> (artifact id: 'fae27dbdde1a10616ae92a6a3f2a9c27') in 0.015696 seconds 
========================================================================
Received Import Request.
  Time since last request: 0.000480 seconds.
  path: Packages/io.moralis.web3-unity-sdk/Runtime/Kits/AuthenticationKit/Scripts/AuthenticationKit.cs
  artifactKey: Guid(79c8fa24db406244db3ad98c3d511c21) Importer(815301076,1909f56bfc062723c751e8b465ee728b)
Start importing Packages/io.moralis.web3-unity-sdk/Runtime/Kits/AuthenticationKit/Scripts/AuthenticationKit.cs using Guid(79c8fa24db406244db3ad98c3d511c21) Importer(815301076,1909f56bfc062723c751e8b465ee728b)  -> (artifact id: 'fe1854d12d14e793196a5920b784ad34') in 0.011657 seconds 
========================================================================
Received Import Request.
  Time since last request: 0.000922 seconds.
  path: Packages/io.moralis.web3-unity-sdk/Runtime/Kits/AuthenticationKit/Scripts/AuthenticationKitUnityEvent.cs
  artifactKey: Guid(31e9792884df4eeba43d36c94fa935dc) Importer(815301076,1909f56bfc062723c751e8b465ee728b)
Start importing Packages/io.moralis.web3-unity-sdk/Runtime/Kits/AuthenticationKit/Scripts/AuthenticationKitUnityEvent.cs using Guid(31e9792884df4eeba43d36c94fa935dc) Importer(815301076,1909f56bfc062723c751e8b465ee728b)  -> (artifact id: '4abb4a058d2a553843340d3dc8348873') in 0.010311 seconds 
AssetImportWorkerClient::OnTransportError - code=2 error=End of file
